# JRE version: OpenJDK Runtime Environment (11.0.10) (build 11.0.10+0-b96-7249189)
# Java VM: OpenJDK 64-Bit Server VM (11.0.10+0-b96-7249189, mixed mode, tiered, compressed oops, g1 gc, windows-amd64)
Heap:
 garbage-first heap   total 262144K, used 45382K [0x0000000080000000, 0x0000000100000000)
  region size 1024K, 20 young (20480K), 18 survivors (18432K)
 Metaspace       used 59329K, capacity 60810K, committed 61168K, reserved 1105920K
  class space    used 7509K, capacity 8057K, committed 8140K, reserved 1048576K
GC Heap History (18 events):
Event: 3.370 GC heap before
{Heap before GC invocations=0 (full 0):
 garbage-first heap   total 262144K, used 19456K [0x0000000080000000, 0x0000000100000000)
  region size 1024K, 14 young (14336K), 0 survivors (0K)
 Metaspace       used 6742K, capacity 6929K, committed 7168K, reserved 1056768K
  class space    used 582K, capacity 650K, committed 768K, reserved 1048576K
}
Event: 3.467 GC heap after
{Heap after GC invocations=1 (full 0):
 garbage-first heap   total 262144K, used 8157K [0x0000000080000000, 0x0000000100000000)
  region size 1024K, 2 young (2048K), 2 survivors (2048K)
 Metaspace       used 6742K, capacity 6929K, committed 7168K, reserved 1056768K
  class space    used 582K, capacity 650K, committed 768K, reserved 1048576K
}
Event: 5.418 GC heap before
{Heap before GC invocations=1 (full 0):
 garbage-first heap   total 262144K, used 27613K [0x0000000080000000, 0x0000000100000000)
  region size 1024K, 21 young (21504K), 2 survivors (2048K)
 Metaspace       used 10700K, capacity 10883K, committed 11008K, reserved 1058816K
  class space    used 1123K, capacity 1206K, committed 1280K, reserved 1048576K
}
Event: 5.423 GC heap after
{Heap after GC invocations=2 (full 0):
 garbage-first heap   total 262144K, used 9608K [0x0000000080000000, 0x0000000100000000)
  region size 1024K, 2 young (2048K), 2 survivors (2048K)
 Metaspace       used 10700K, capacity 10883K, committed 11008K, reserved 1058816K
  class space    used 1123K, capacity 1206K, committed 1280K, reserved 1048576K
}
Event: 6.960 GC heap before
{Heap before GC invocations=2 (full 0):
 garbage-first heap   total 262144K, used 36232K [0x0000000080000000, 0x0000000100000000)
  region size 1024K, 28 young (28672K), 2 survivors (2048K)
 Metaspace       used 10850K, capacity 11075K, committed 11264K, reserved 1058816K
  class space    used 1126K, capacity 1206K, committed 1280K, reserved 1048576K
}
Event: 6.966 GC heap after
{Heap after GC invocations=3 (full 0):
 garbage-first heap   total 262144K, used 13562K [0x0000000080000000, 0x0000000100000000)
  region size 1024K, 4 young (4096K), 4 survivors (4096K)
 Metaspace       used 10850K, capacity 11075K, committed 11264K, reserved 1058816K
  class space    used 1126K, capacity 1206K, committed 1280K, reserved 1048576K
}
Event: 13.948 GC heap before
{Heap before GC invocations=3 (full 0):
 garbage-first heap   total 262144K, used 59642K [0x0000000080000000, 0x0000000100000000)
  region size 1024K, 49 young (50176K), 4 survivors (4096K)
 Metaspace       used 18964K, capacity 19394K, committed 19712K, reserved 1067008K
  class space    used 2282K, capacity 2435K, committed 2560K, reserved 1048576K
}
Event: 13.960 GC heap after
{Heap after GC invocations=4 (full 0):
 garbage-first heap   total 262144K, used 16618K [0x0000000080000000, 0x0000000100000000)
  region size 1024K, 6 young (6144K), 6 survivors (6144K)
 Metaspace       used 18964K, capacity 19394K, committed 19712K, reserved 1067008K
  class space    used 2282K, capacity 2435K, committed 2560K, reserved 1048576K
}
Event: 14.543 GC heap before
{Heap before GC invocations=4 (full 0):
 garbage-first heap   total 262144K, used 29930K [0x0000000080000000, 0x0000000100000000)
  region size 1024K, 20 young (20480K), 6 survivors (6144K)
 Metaspace       used 20627K, capacity 21158K, committed 21296K, reserved 1069056K
  class space    used 2513K, capacity 2688K, committed 2688K, reserved 1048576K
}
Event: 14.554 GC heap after
{Heap after GC invocations=5 (full 0):
 garbage-first heap   total 262144K, used 17215K [0x0000000080000000, 0x0000000100000000)
  region size 1024K, 4 young (4096K), 4 survivors (4096K)
 Metaspace       used 20627K, capacity 21158K, committed 21296K, reserved 1069056K
  class space    used 2513K, capacity 2688K, committed 2688K, reserved 1048576K
}
Event: 17.960 GC heap before
{Heap before GC invocations=6 (full 0):
 garbage-first heap   total 262144K, used 73535K [0x0000000080000000, 0x0000000100000000)
  region size 1024K, 59 young (60416K), 4 survivors (4096K)
 Metaspace       used 26159K, capacity 26821K, committed 26928K, reserved 1073152K
  class space    used 3425K, capacity 3666K, committed 3712K, reserved 1048576K
}
Event: 17.977 GC heap after
{Heap after GC invocations=7 (full 0):
 garbage-first heap   total 262144K, used 19066K [0x0000000080000000, 0x0000000100000000)
  region size 1024K, 6 young (6144K), 6 survivors (6144K)
 Metaspace       used 26159K, capacity 26821K, committed 26928K, reserved 1073152K
  class space    used 3425K, capacity 3666K, committed 3712K, reserved 1048576K
}
Event: 23.355 GC heap before
{Heap before GC invocations=7 (full 0):
 garbage-first heap   total 262144K, used 72314K [0x0000000080000000, 0x0000000100000000)
  region size 1024K, 59 young (60416K), 6 survivors (6144K)
 Metaspace       used 34806K, capacity 35646K, committed 35708K, reserved 1081344K
  class space    used 4531K, capacity 4864K, committed 4864K, reserved 1048576K
}
Event: 23.375 GC heap after
{Heap after GC invocations=8 (full 0):
 garbage-first heap   total 262144K, used 22515K [0x0000000080000000, 0x0000000100000000)
  region size 1024K, 9 young (9216K), 9 survivors (9216K)
 Metaspace       used 34806K, capacity 35646K, committed 35708K, reserved 1081344K
  class space    used 4531K, capacity 4864K, committed 4864K, reserved 1048576K
}
Event: 33.475 GC heap before
{Heap before GC invocations=9 (full 0):
 garbage-first heap   total 262144K, used 153587K [0x0000000080000000, 0x0000000100000000)
  region size 1024K, 134 young (137216K), 9 survivors (9216K)
 Metaspace       used 45343K, capacity 46486K, committed 46588K, reserved 1089536K
  class space    used 5821K, capacity 6228K, committed 6272K, reserved 1048576K
}
Event: 33.512 GC heap after
{Heap after GC invocations=10 (full 0):
 garbage-first heap   total 262144K, used 29435K [0x0000000080000000, 0x0000000100000000)
  region size 1024K, 16 young (16384K), 16 survivors (16384K)
 Metaspace       used 45343K, capacity 46486K, committed 46588K, reserved 1089536K
  class space    used 5821K, capacity 6228K, committed 6272K, reserved 1048576K
}
Event: 43.735 GC heap before
{Heap before GC invocations=10 (full 0):
 garbage-first heap   total 262144K, used 156411K [0x0000000080000000, 0x0000000100000000)
  region size 1024K, 138 young (141312K), 16 survivors (16384K)
 Metaspace       used 58388K, capacity 59850K, committed 59940K, reserved 1103872K
  class space    used 7398K, capacity 7929K, committed 7936K, reserved 1048576K
}
Event: 43.789 GC heap after
{Heap after GC invocations=11 (full 0):
 garbage-first heap   total 262144K, used 44358K [0x0000000080000000, 0x0000000100000000)
  region size 1024K, 18 young (18432K), 18 survivors (18432K)
 Metaspace       used 58388K, capacity 59850K, committed 59940K, reserved 1103872K
  class space    used 7398K, capacity 7929K, committed 7936K, reserved 1048576K
}

